*** SESSION Jan 20, 2015 11:29:36.31 -------------------------------------------
*** SESSION Jan 20, 2015 13:17:47.76 -------------------------------------------
*** SESSION Jan 22, 2015 11:05:24.44 -------------------------------------------
*** SESSION Jan 22, 2015 11:48:56.50 -------------------------------------------
*** SESSION Jan 22, 2015 11:53:09.73 -------------------------------------------
*** SESSION Jan 22, 2015 12:19:56.17 -------------------------------------------
*** SESSION Jan 22, 2015 12:41:30.60 -------------------------------------------
*** SESSION Jan 22, 2015 13:08:45.91 -------------------------------------------
*** SESSION Jan 27, 2015 11:27:33.92 -------------------------------------------
*** SESSION Jan 29, 2015 15:05:17.25 -------------------------------------------
*** SESSION Feb 03, 2015 11:37:02.19 -------------------------------------------
*** SESSION Feb 10, 2015 12:36:40.20 -------------------------------------------
*** SESSION Feb 24, 2015 11:33:56.30 -------------------------------------------
*** SESSION Feb 24, 2015 13:15:54.70 -------------------------------------------
*** SESSION Mar 02, 2015 09:26:58.37 -------------------------------------------
*** SESSION Mar 03, 2015 11:07:13.31 -------------------------------------------
*** SESSION Mar 03, 2015 12:49:52.23 -------------------------------------------
*** SESSION Mar 10, 2015 12:31:37.43 -------------------------------------------
*** SESSION Mar 10, 2015 12:34:09.60 -------------------------------------------
*** SESSION Mar 10, 2015 12:59:40.56 -------------------------------------------
*** SESSION Mar 10, 2015 14:14:56.29 -------------------------------------------
*** SESSION Mar 11, 2015 09:24:30.76 -------------------------------------------
*** SESSION Mar 26, 2015 11:07:48.44 -------------------------------------------
*** SESSION Mar 26, 2015 12:35:39.04 -------------------------------------------
*** SESSION Mar 26, 2015 12:41:00.72 -------------------------------------------
*** SESSION Mar 31, 2015 12:59:57.20 -------------------------------------------
*** SESSION Mar 31, 2015 13:00:53.50 -------------------------------------------
*** SESSION Apr 02, 2015 12:53:03.34 -------------------------------------------
*** SESSION Apr 07, 2015 07:54:03.85 -------------------------------------------
*** SESSION Apr 07, 2015 08:18:18.39 -------------------------------------------
*** SESSION Apr 24, 2015 07:12:53.84 -------------------------------------------
*** SESSION Apr 28, 2015 11:38:00.35 -------------------------------------------
*** SESSION Apr 30, 2015 12:05:20.15 -------------------------------------------
*** SESSION May 07, 2015 11:52:43.26 -------------------------------------------
*** SESSION Jul 11, 2015 16:16:27.98 -------------------------------------------
